<?xml version="1.0" encoding="UTF-8"?>
<robot generator="Robot 3.1 (Python 3.7.1 on darwin)" generated="20181212 17:31:51.421" rpa="false">
<suite id="s1" name="Test" source="/Users/kristans/Documents/Dev-Ops QA Training/robot_exer_kristans/test.robot">
<test id="s1-t1" name="TestCreateUser">
<kw name="testlogin">
<arguments>
<arg>kristans</arg>
<arg>123Abcd</arg>
</arguments>
<kw name="Create User" library="LoginLibrary">
<arguments>
<arg>${USERNAME}</arg>
<arg>${PASSWORD}</arg>
</arguments>
<status status="PASS" starttime="20181212 17:31:51.459" endtime="20181212 17:31:51.510"></status>
</kw>
<kw name="Status Should Be" library="LoginLibrary">
<arguments>
<arg>SUCCESS\n${SUCCESS}</arg>
</arguments>
<status status="PASS" starttime="20181212 17:31:51.511" endtime="20181212 17:31:51.511"></status>
</kw>
<status status="PASS" starttime="20181212 17:31:51.458" endtime="20181212 17:31:51.511"></status>
</kw>
<status status="PASS" starttime="20181212 17:31:51.458" endtime="20181212 17:31:51.512" critical="yes"></status>
</test>
<doc>Excersie Test Cases using Robot Framework</doc>
<status status="PASS" starttime="20181212 17:31:51.424" endtime="20181212 17:31:51.512"></status>
</suite>
<statistics>
<total>
<stat pass="1" fail="0">Critical Tests</stat>
<stat pass="1" fail="0">All Tests</stat>
</total>
<tag>
</tag>
<suite>
<stat pass="1" fail="0" id="s1" name="Test">Test</stat>
</suite>
</statistics>
<errors>
</errors>
</robot>
